<?xml version="1.0" encoding="UTF-8"?>
<!-- Generated by org.testng.reporters.JUnitReportReporter -->
<testsuite hostname="Gouri" failures="0" tests="1" name="AppiumFrameworkDesign.eCommerce_TC_4" time="45.824" errors="0" timestamp="2023-06-25T12:25:38 IST" skipped="0">
  <testcase classname="AppiumFrameworkDesign.eCommerce_TC_4" name="formFill" time="45.824"/>
  <system-out/>
</testsuite> <!-- AppiumFrameworkDesign.eCommerce_TC_4 -->
